0000000000000000 a __start__
0000000000000000 T _start
0000000000000000 b _TLS_MODULE_BASE_
0000000000000000 0000000000000004 b g_fsPriority
0000000000000004 0000000000000004 b fsdev_last_result
0000000000000008 0000000000000401 B __nx_dev_path_buf
00000000000000e0 T __nx_exit
00000000000000f0 T __nx_mod0
0000000000000140 0000000000000034 T exit
0000000000000180 000000000000001c T main
00000000000001a0 t __do_global_dtors_aux
0000000000000200 t frame_dummy
0000000000000230 0000000000000030 T __libnx_initheap
0000000000000260 0000000000000070 T __appInit
00000000000002d0 0000000000000014 T __appExit
00000000000002f0 00000000000001c4 t _fatalCmd
00000000000004c0 000000000000000c T fatalThrowWithPolicy
00000000000004d0 0000000000000014 T fatalThrow
00000000000004f0 00000000000000b4 t _fsCleanup
00000000000005b0 00000000000001c0 t _fsCmdNoIO
0000000000000770 00000000000001e0 t _fsFsCmdWithInPath
0000000000000950 00000000000001f8 t _fsFsCmdWithTwoInPaths
0000000000000b50 000000000000028c t _fsFsOpenCommon
0000000000000de0 00000000000001fc t _fsFsCmdWithInPathAndOutU64
0000000000000fe0 00000000000000f8 t _fsObjectClose
00000000000010e0 000000000000017c t _fsCmdGetSession.constprop.0
0000000000001260 00000000000002f8 T fsInitialize
0000000000001560 0000000000000048 T fsExit
00000000000015b0 0000000000000008 T fsOpenSdCardFileSystem
00000000000015c0 00000000000001ec T fsFsCreateFile
00000000000017b0 0000000000000008 T fsFsDeleteFile
00000000000017c0 0000000000000008 T fsFsCreateDirectory
00000000000017d0 0000000000000008 T fsFsDeleteDirectory
00000000000017e0 0000000000000008 T fsFsRenameFile
00000000000017f0 0000000000000008 T fsFsRenameDirectory
0000000000001800 00000000000001f0 T fsFsGetEntryType
00000000000019f0 0000000000000008 T fsFsOpenFile
0000000000001a00 0000000000000008 T fsFsOpenDirectory
0000000000001a10 0000000000000008 T fsFsGetFreeSpace
0000000000001a20 0000000000000008 T fsFsGetTotalSpace
0000000000001a30 0000000000000230 T fsFsGetFileTimeStampRaw
0000000000001c60 0000000000000004 T fsFsClose
0000000000001c70 0000000000000214 T fsFileRead
0000000000001e90 00000000000001f8 T fsFileWrite
0000000000002090 0000000000000008 T fsFileFlush
00000000000020a0 00000000000001c0 T fsFileSetSize
00000000000020a0 00000000000001c0 t fsFileSetSize.localalias
0000000000002260 00000000000001d4 T fsFileGetSize
0000000000002260 00000000000001d4 t fsFileGetSize.localalias
0000000000002440 0000000000000004 T fsFileClose
0000000000002450 0000000000000004 T fsDirClose
0000000000002460 0000000000000204 T fsDirRead
0000000000002670 00000000000000d0 t _setsysGetFirmwareVersionImpl
0000000000002740 0000000000000078 t _setsysCleanup
00000000000027c0 00000000000000a0 T setsysInitialize
0000000000002860 0000000000000048 T setsysExit
00000000000028b0 0000000000000048 T setsysGetFirmwareVersion
0000000000002900 00000000000000cc t _smCmifCmdInPid
00000000000029d0 0000000000000078 t _smCleanup
0000000000002a50 0000000000000048 T smAddOverrideHandle
0000000000002aa0 0000000000000054 T smGetServiceOverride
0000000000002b00 00000000000001ac T smInitialize
0000000000002cb0 0000000000000048 T smExit
0000000000002d00 00000000000000d0 T smGetServiceOriginal
0000000000002dd0 0000000000000120 T smGetServiceWrapper
0000000000002ef0 000000000000001c W diagAbortWithResult
0000000000002f10 0000000000000014 T hosversionGet
0000000000002f30 0000000000000010 T hosversionSet
0000000000002f40 0000000000000010 t fsdev_link
0000000000002f50 0000000000000010 t fsdev_dirreset
0000000000002f60 0000000000000010 t fsdev_chmod
0000000000002f70 0000000000000018 t error_cmp
0000000000002f90 0000000000000020 t fsdev_dirclose
0000000000002fb0 000000000000001c t fsdev_close
0000000000002fd0 0000000000000074 t fsdev_converttimetoutc
0000000000003050 00000000000000f8 t fsdevFindDevice.part.0
0000000000003150 00000000000001cc t fsdev_fixpath
0000000000003320 0000000000000010 t fsdev_fchmod
0000000000003330 0000000000000100 t fsdev_diropen
0000000000003430 00000000000000f8 t fsdev_statvfs
0000000000003530 000000000000007c t fsdev_fsync
00000000000035b0 00000000000000ec t fsdev_fstat
00000000000036a0 0000000000000094 t fsdev_ftruncate
0000000000003740 00000000000001d8 t fsdev_stat
0000000000003920 000000000000014c t fsdev_rename
0000000000003a70 000000000000013c t fsdev_chdir
0000000000003bb0 00000000000000a4 t fsdev_rmdir
0000000000003c60 00000000000000a4 t fsdev_mkdir
0000000000003d10 00000000000000a4 t fsdev_unlink
0000000000003dc0 000000000000013c t fsdev_write_safe
0000000000003f00 0000000000000134 t fsdev_read_safe
0000000000004040 0000000000000100 t fsdev_read
0000000000004140 00000000000001d4 t fsdev_dirnext
0000000000004320 0000000000000124 t fsdev_write
0000000000004450 0000000000000110 t fsdev_seek
0000000000004560 0000000000000230 t fsdev_open
0000000000004790 0000000000000324 T fsdevMountDevice
0000000000004ac0 0000000000000040 T fsdevMountSdmc
0000000000004b00 0000000000000128 T decode_utf8
0000000000004c28 T svcSetMemoryPermission
0000000000004c30 T svcSetMemoryAttribute
0000000000004c38 T svcUnmapMemory
0000000000004c40 T svcQueryMemory
0000000000004c54 T svcExitProcess
0000000000004c5c T svcSleepThread
0000000000004c64 T svcCloseHandle
0000000000004c6c T svcArbitrateLock
0000000000004c74 T svcArbitrateUnlock
0000000000004c7c T svcWaitProcessWideKeyAtomic
0000000000004c84 T svcSignalProcessWideKey
0000000000004c8c T svcConnectToNamedPort
0000000000004ca0 T svcSendSyncRequest
0000000000004ca8 T svcBreak
0000000000004cb0 T svcReturnFromException
0000000000004cb8 T svcGetInfo
0000000000004ccc T __aarch64_read_tp
0000000000004ce0 00000000000000c8 T mutexLock
0000000000004db0 0000000000000068 T mutexUnlock
0000000000004e20 000000000000001c T mutexIsLockedByCurrentThread
0000000000004e40 0000000000000050 T rmutexLock
0000000000004e90 0000000000000018 T rmutexUnlock
0000000000004eb0 0000000000000184 T sessionmgrCreate
0000000000005040 0000000000000084 T sessionmgrClose
00000000000050d0 00000000000000a8 T sessionmgrAttachClient
0000000000005180 0000000000000060 T sessionmgrDetachClient
00000000000051e0 0000000000000114 T timeToPosixTimeWithMyRule
0000000000005300 0000000000000004 W __libnx_alloc
0000000000005310 0000000000000314 W argvSetup
0000000000005630 00000000000001fc T __nx_dynamic
0000000000005830 0000000000000208 T envSetup
0000000000005a40 0000000000000020 T envGetMainThreadHandle
0000000000005a60 000000000000000c T envIsNso
0000000000005a70 0000000000000014 T envHasArgv
0000000000005a90 000000000000000c T envGetArgv
0000000000005aa0 000000000000000c T envGetExitFuncPtr
0000000000005ab0 000000000000002c W __libnx_init
0000000000005ae0 000000000000001c W __libnx_exit
0000000000005b00 000000000000001c T __syscall_exit
0000000000005b20 0000000000000034 T __syscall_getreent
0000000000005b60 0000000000000004 T __syscall_lock_acquire_recursive
0000000000005b70 0000000000000004 T __syscall_lock_release_recursive
0000000000005b80 0000000000000098 T newlibSetup
0000000000005c20 00000000000000e8 T nxlinkSetup
0000000000005d08 W __libnx_exception_entry
0000000000005d94 t __libnx_exception_entry_start
0000000000005ebc t __libnx_exception_entry_abort
0000000000005ec0 t __libnx_exception_entry_end
0000000000005ec8 T __libnx_exception_returnentry
0000000000005ee0 0000000000000070 T condvarWaitTimeout
0000000000005f50 00000000000000b0 T __libnx_init_thread
0000000000006000 0000000000000064 t _memregionInitWithInfo
0000000000006070 0000000000000140 T virtmemSetup
00000000000061c0 00000000000000c4 T strncat
00000000000062c0 00000000000000b8 T strnlen
0000000000006380 00000000000000b4 T bsearch
0000000000006440 000000000000022c T memcpy
0000000000006440 T memmove
0000000000006680 0000000000000028 T gmtime
00000000000066c0 0000000000000104 T memset
00000000000067e0 00000000000001a4 t _strtoul_l.isra.0
00000000000069a0 0000000000000040 T strtoul
00000000000069e0 000000000000018c T _memalign_r
0000000000006b80 0000000000000130 T strlen
0000000000006cc0 00000000000001b4 T strncmp
0000000000006e80 0000000000000840 T _malloc_r
00000000000076c0 000000000000011c T _malloc_trim_r
00000000000077e0 00000000000002d8 T _free_r
0000000000007ac0 00000000000000a4 T __libc_init_array
0000000000007b80 00000000000000ac T strncpy
0000000000007c40 0000000000000038 T malloc
0000000000007c80 000000000000000c T __malloc_lock
0000000000007ca0 000000000000000c T __malloc_unlock
0000000000007cc0 0000000000000004 W __call_exitprocs
0000000000007d00 0000000000000134 T strcmp
0000000000007e40 0000000000000044 T __libc_fini_array
0000000000007ea0 00000000000002a0 T gmtime_r
0000000000008140 00000000000000cc T strchr
0000000000008220 0000000000000020 T _exit
0000000000008240 0000000000000020 T __getreent
0000000000008260 0000000000000008 t null_write
0000000000008280 0000000000000018 T setDefaultDevice
00000000000082a0 00000000000000b8 T FindDevice
0000000000008360 00000000000000a4 T AddDevice
0000000000008420 0000000000000034 T GetDeviceOpTab
0000000000008460 0000000000000078 W _sbrk_r
00000000000084e0 0000000000000014 T __libc_lock_acquire_recursive
0000000000008500 0000000000000014 T __libc_lock_release_recursive
0000000000008518 T _init
0000000000008550 T _fini
0000000000009100 0000000000000020 r error_table
0000000000009168 0000000000000101 R _ctype_
0000000000009270 r __tls_align
0000000000009278 r __EH_FRAME_BEGIN__
0000000000009278 r __eh_frame_hdr_end
0000000000009278 r __eh_frame_hdr_start
000000000000abb8 r __FRAME_END__
000000000000b000 d __frame_dummy_init_array_entry
000000000000b000 d __init_array_start
000000000000b000 d __preinit_array_end
000000000000b000 d __preinit_array_start
000000000000b000 d __relro_start
000000000000b008 d __do_global_dtors_aux_fini_array_entry
000000000000b008 d __fini_array_start
000000000000b008 d __init_array_end
000000000000b010 d __fini_array_end
000000000000b010 0000000000000100 d fsdev_devoptab
000000000000b110 0000000000000100 D dotab_stdnull
000000000000b210 a _DYNAMIC
000000000000b360 d __got_start__
000000000000b360 a _GLOBAL_OFFSET_TABLE_
000000000000b4d0 d __got_end__
000000000000c000 d __data_start
000000000000c000 0000000000000008 D nx_inner_heap_size
000000000000c008 0000000000000004 D __nx_fs_num_sessions
000000000000c00c 0000000000000004 D __nx_applet_type
000000000000c010 0000000000000001 V __nx_fsdev_support_cwd
000000000000c014 0000000000000004 V __nx_fsdev_direntry_cache_size
000000000000c018 0000000000000008 V __nx_exception_stack_size
000000000000c020 0000000000000008 D _impure_ptr
000000000000c028 0000000000000240 D _impure_data
000000000000c268 0000000000000008 D __malloc_sbrk_base
000000000000c270 0000000000000008 D __malloc_trim_threshold
000000000000c278 0000000000000810 D __malloc_av_
000000000000ca88 0000000000000118 D devoptab_list
000000000000cba0 0000000000000004 d defaultDevice
000000000000cba8 d __tdata_lma
000000000000cba8 d __tdata_lma_end
000000000000cbb0 b __bss_start__
000000000000cbb0 b completed.1
000000000000cbb8 b object.0
000000000000cbf0 0000000000080000 B nx_inner_heap
000000000008cbf0 0000000000000008 b g_fsGuard
000000000008cc00 0000000000000054 b g_fsSessionMgr
000000000008cc58 0000000000000010 b g_fsSrv
000000000008cc68 0000000000000008 b g_setsysGuard
000000000008cc70 0000000000000010 b g_setsysSrv
000000000008cc80 0000000000000008 b g_smGuard
000000000008cc88 0000000000000008 b g_smOverridesNum
000000000008cc90 0000000000000180 b g_smOverrides
000000000008ce10 0000000000000010 b g_smSrv
000000000008ce20 0000000000000004 b g_hosVersion
000000000008ce30 0000000000002800 b fsdev_fsdevices
000000000008f630 0000000000000004 b fsdev_fsdevice_cwd
000000000008f634 0000000000000001 b fsdev_initialised
000000000008f638 B __stack_top
000000000008f640 0000000000000010 b g_timeTimeZoneService
000000000008f650 0000000000000008 b g_argv_empty
000000000008f658 0000000000000008 B __system_argv
000000000008f660 0000000000000004 B __system_argc
000000000008f668 0000000000000008 b g_userIdStorage
000000000008f670 0000000000000010 b g_randomSeed
000000000008f680 0000000000000001 b g_hasRandomSeed
000000000008f684 0000000000000004 b g_lastLoadResult
000000000008f688 0000000000000008 b g_nextLoadArgv
000000000008f690 0000000000000008 b g_nextLoadPath
000000000008f698 0000000000000004 b g_processHandle
000000000008f6a0 0000000000000018 b g_syscallHints
000000000008f6b8 0000000000000008 b g_overrideArgv
000000000008f6c0 0000000000000008 b g_overrideHeapSize
000000000008f6c8 0000000000000008 b g_overrideHeapAddr
000000000008f6d0 0000000000000008 b g_loaderRetAddr
000000000008f6d8 0000000000000004 b g_mainThreadHandle
000000000008f6e0 0000000000000008 b g_loaderInfoSize
000000000008f6e8 0000000000000008 b g_loaderInfo
000000000008f6f0 0000000000000001 b g_isNso
000000000008f700 0000000000000340 B __nx_exceptiondump
000000000008fa40 0000000000000004 V __nx_exception_ignoredebug
000000000008fa50 0000000000000400 V __nx_exception_stack
000000000008fe50 0000000000000004 B __nxlink_host
000000000008fe60 0000000000000038 b g_mainThread
000000000008fe98 0000000000000008 b g_threadList
000000000008fea0 0000000000000004 b g_threadMutex
000000000008fea4 0000000000000001 b g_IsLegacyKernel
000000000008feb0 0000000000000010 b g_StackRegion
000000000008fec0 0000000000000010 b g_AslrRegion
000000000008fed0 0000000000000010 b g_HeapRegion
000000000008fee0 0000000000000010 b g_AliasRegion
000000000008fef0 0000000000000050 B __malloc_current_mallinfo
000000000008ff40 0000000000000008 B __malloc_max_total_mem
000000000008ff48 0000000000000008 B __malloc_max_sbrked_mem
000000000008ff50 0000000000000008 B __malloc_top_pad
000000000008ff58 0000000000000228 B __sf
0000000000090180 0000000000000008 B __stdio_exit_handler
0000000000090188 0000000000000008 b __malloc_recursive_mutex
0000000000090190 0000000000000008 B fake_heap_start
0000000000090198 0000000000000008 B fake_heap_end
00000000000901a0 0000000000000008 b heap_start.0
00000000000901a8 b __tls_start
00000000000905b8 b __bss_end__
00000000000905b8 b __end__
00000000000905b8 b __tls_end
0000000000091000 b __argdata__
